26.5600 35.6620 59.9 2011_04_01_13_29_10_690 6.0mww
-73.9030 -37.9050 19.2 2011_04_22_05_12_48_000 5.6mwb
-111.2980 -13.3840 10 2011_04_26_10_43_07_530 5.5mwc
-160.5380 55.0940 39 2011_05_05_14_13_01_580 5.7mww
-160.6880 55.0190 36 2011_05_05_16_57_36_610 5.8mww
-105.5940 -4.7420 10 2011_05_10_15_05_22_180 5.5mwc
-105.5150 -4.7020 10 2011_05_10_16_45_45_110 5.5mwc
-25.6470 0.5690 10 2011_05_15_13_08_13_060 6.1mww
163.8460 55.5210 14.2 2011_05_18_17_42_35_650 5.5mww
29.1030 39.1490 7 2011_05_19_20_15_22_940 5.8mww
-73.6910 -37.5780 21 2011_06_01_12_55_22_380 6.3mww
-80.9760 -5.9630 10 2011_06_19_00_20_03_800 5.5mwb
-171.7620 52.0030 29 2011_06_27_23_27_33_500 5.8mww
-171.7020 52.0870 30 2011_06_28_06_48_32_510 5.8mww
-72.3410 -33.9060 19.7 2011_06_29_05_36_46_000 5.5mwc
-26.4190 0.9610 10 2011_07_08_05_53_03_810 5.6mwc
-114.0760 -49.9280 10 2011_07_11_15_51_23_500 5.7mwc
-93.7720 -38.2370 10 2011_07_14_08_52_31_570 5.5mwc
-71.8320 -33.8190 20 2011_07_16_00_26_12_640 6.0mww
-161.2900 54.7870 36 2011_07_16_19_59_12_890 6.1mww
178.9440 51.2800 19 2011_07_18_22_38_38_980 5.8mww
-161.1480 54.6950 22.8 2011_07_23_06_28_34_630 5.7mwc
159.7940 52.9900 33 2011_07_26_06_17_37_480 5.6mww
-43.3910 10.7990 6 2011_07_27_23_00_29_670 5.9mww
-73.1160 -35.7700 35 2011_07_28_19_50_20_060 5.7mww
-171.2670 51.7920 41.2 2011_08_01_18_20_05_030 5.6mwc
154.7690 48.8330 36 2011_08_04_13_51_34_560 6.1mww
-73.3340 -35.8840 31.9 2011_08_06_13_22_34_000 5.5mwc
-12.6180 -7.0400 10 2011_08_10_23_45_43_040 6.0mww
-14.6530 -1.3370 10 2011_08_14_01_29_39_340 5.6mwb
-115.9450 -24.5350 10 2011_08_28_10_10_19_490 5.6mwc
-28.9020 43.5890 10 2011_08_31_12_17_27_010 5.5mww
-73.6510 -38.1670 20 2011_09_03_16_20_53_220 5.81mw
-126.8930 49.5350 22 2011_09_09_19_41_34_150 6.4mww
-71.7970 -32.6960 37 2011_09_14_07_03_51_000 5.8mww
172.9840 53.1070 15 2011_09_14_18_10_09_000 6.0mww
-171.9820 52.0370 31 2011_09_19_08_14_14_760 5.6mww
-105.2070 -4.5320 10 2011_09_20_02_40_22_690 5.7mwc
-109.4400 -9.0510 10 2011_09_23_19_02_48_240 5.9mww
-73.8530 -37.9520 10 2011_09_28_22_40_12_860 5.6mwb
-32.4920 57.8900 10 2011_10_06_00_39_32_850 5.5mww
-64.2190 -24.1780 15 2011_10_06_11_12_30_070 5.9mww
-115.9580 -50.0760 10 2011_10_09_18_01_47_820 5.5mwc
-116.2190 -25.4590 10 2011_10_10_05_18_10_560 5.5mwc
-127.1350 43.4620 20.6 2011_10_13_04_14_00_510 5.6mwc
-171.8260 52.1590 38 2011_10_25_03_24_49_630 5.7mww
-75.9980 -14.3790 22.3 2011_10_28_19_01_02_330 5.6mb
-75.8440 -14.5120 10 2011_10_28_23_46_01_720 5.6mwc
-70.9590 -25.7410 47.1 2011_10_30_18_53_43_000 5.7mwb
-114.9630 -23.3460 10 2011_10_31_04_45_43_830 5.5mwc
-70.1990 -23.4680 33 2011_11_05_07_13_57_990 5.7mww
-162.5490 54.1200 23.2 2011_11_06_08_08_13_270 5.7mww
-81.5460 -1.7020 26.6 2011_11_17_01_57_05_730 6.0mww
-103.1580 8.4150 10 2011_11_17_06_52_41_330 5.6mwc
-38.4950 33.7040 10 2011_11_18_06_00_53_970 5.7mwc
25.0830 34.2850 10 2011_11_23_12_17_51_280 5.5mwc
-15.4500 -1.6020 10 2011_11_29_00_30_29_120 5.9mww
-70.9180 -27.8990 20 2011_12_07_22_23_09_730 6.1mww
-76.0560 -45.7660 10 2011_12_16_12_54_25_370 5.8mww
-107.3120 -6.3410 10 2012_01_06_18_54_39_310 5.5mwc
-71.4990 -31.6550 32.9 2012_01_17_23_21_35_040 5.6mww
-73.0300 -36.4090 20 2012_01_23_16_04_52_980 6.1mww
-110.5170 -36.7930 10 2012_01_28_04_43_41_030 5.6mww
-75.6350 -14.1680 43 2012_01_30_05_11_00_950 6.4mww
-127.9060 48.8870 14.6 2012_02_04_20_05_31_710 5.6mww
-73.8840 -37.4560 20.2 2012_02_11_02_58_17_000 5.6mwb
-123.7903 41.1432 27.36 2012_02_13_21_07_02_770 5.6mw
-127.5180 43.6250 11 2012_02_15_03_31_20_610 5.8mww
-13.1930 -17.6990 10 2012_02_23_05_08_12_790 5.5mwc
-157.3206 54.9057 43.9 2012_03_10_14_10_39_723 5.5mw
-107.6440 -34.9050 11.8 2012_03_17_19_50_20_560 5.8mww
-13.9720 -1.2610 10 2012_04_10_05_09_08_410 5.8mww
-176.0970 51.3640 20.8 2012_04_11_09_00_09_710 5.5mb
-127.6380 43.5840 8 2012_04_11_22_41_46_040 6.0mwc
155.6510 49.3800 90.3 2012_04_14_15_13_14_140 5.6mwb
21.4750 36.6320 29 2012_04_16_11_23_43_380 5.8mww
-71.3650 -32.6250 29 2012_04_17_03_50_15_610 6.7mww
154.7390 48.3970 31 2012_04_23_22_40_22_440 5.6mww
-71.4600 -29.8680 37 2012_04_30_07_39_45_560 5.6mww
-102.7280 -35.8830 10 2012_05_02_17_06_05_530 5.5mwc
-75.8010 -13.8200 54.4 2012_05_06_12_40_59_050 5.6mwc
-13.6000 -0.9660 12 2012_05_09_14_49_51_280 5.5mww
-112.5870 -28.7300 10 2012_05_10_02_13_56_160 5.9mww
-80.1590 -44.8060 10 2012_05_18_02_00_39_490 6.3mww
-70.5620 -25.7290 28 2012_05_19_08_35_10_700 5.8mww
11.2300 44.8900 6.3 2012_05_20_02_03_52_000 6.0mww
22.9680 42.6450 10 2012_05_22_00_00_32_770 5.6mww
5.6830 72.9600 10 2012_05_24_22_47_46_800 6.1mww
168.9250 54.3680 10.3 2012_05_29_02_40_53_320 5.6mww
11.0860 44.8510 10.2 2012_05_29_07_00_03_000 5.8mww
11.0080 44.8880 6.8 2012_05_29_10_55_57_000 5.5mww
-70.5700 -36.0740 8 2012_06_07_04_05_04_520 6.0mww
28.8800 36.4200 35 2012_06_10_12_44_16_590 6.0mww
171.6190 53.3510 14 2012_06_19_15_56_32_530 6.0mww
171.7010 53.3510 11.9 2012_06_19_20_56_41_420 5.6mww
163.1950 57.6010 10 2012_06_24_03_15_01_280 6.0mww
-75.5980 -14.4230 39.7 2012_07_02_23_31_37_910 5.7mww
151.2880 45.4970 20 2012_07_08_11_33_02_920 6.0mww
28.9190 35.6040 55.8 2012_07_09_13_55_00_580 5.6mww
151.4240 45.4010 10 2012_07_11_02_31_16_660 5.7mww
151.6650 45.4520 12 2012_07_12_12_51_58_860 5.8mww
161.2340 55.7770 85.9 2012_07_16_03_08_31_720 5.5mwb
155.9070 49.4070 19 2012_07_20_06_10_25_170 6.0mww
156.1320 49.3540 10 2012_07_20_06_32_56_090 5.8mww
-167.4210 52.6330 13 2012_08_10_18_37_43_090 6.2mww
-36.7680 7.3350 10 2012_08_16_12_08_20_940 5.6mwc
-98.9050 -36.4290 10 2012_08_16_13_24_44_360 5.8mww
-103.0030 8.3480 10 2012_08_17_21_27_53_730 5.5mwc
-128.6190 47.7890 10 2012_08_19_08_07_35_780 5.6mww
-10.6050 71.4410 14 2012_08_30_13_43_25_170 6.8mww
-105.8910 -4.6000 10 2012_09_06_23_33_06_260 5.7mwb
155.7500 49.2470 31 2012_09_09_05_39_37_050 5.9mww
151.1110 45.3350 14 2012_09_11_01_28_18_800 5.6mww
24.1100 34.7830 32.4 2012_09_12_03_27_46_310 5.5mww
-178.2950 51.5920 16 2012_09_26_23_39_55_110 6.4mww
-46.4570 17.4790 10 2012_10_05_00_19_56_960 5.7mwb
-70.3100 -32.8650 81.8 2012_10_11_17_22_09_930 5.5mww
154.4280 48.3080 35 2012_10_14_09_41_58_950 5.7mww
159.3790 51.9000 21 2012_10_15_01_19_03_190 5.6mww
156.4380 49.6180 81 2012_10_16_12_41_25_760 5.6mww
-18.6660 66.3090 10 2012_10_21_01_25_22_590 5.5mww
-131.9620 52.5760 10 2012_10_28_03_52_20_480 5.5mwr
-132.6020 52.6740 9 2012_10_28_18_54_20_830 6.3mww
-132.0820 52.2940 10 2012_10_28_19_09_53_900 5.6mwr
-131.9020 52.3650 9 2012_10_30_02_49_02_270 6.2mww
162.7990 55.8870 9.1 2012_11_02_01_52_03_350 5.5mwb
-34.0730 7.0480 10 2012_11_03_12_58_12_220 5.6mww
-104.8000 -35.4650 10 2012_11_06_11_09_31_960 5.5mwb
-128.4770 49.2310 13.7 2012_11_08_02_01_50_630 6.1mww
-142.8550 57.7920 9 2012_11_12_20_42_14_620 6.3mww
-77.0530 -45.7610 9 2012_11_13_04_31_26_760 6.1mww
-71.1900 -29.1180 63 2012_11_14_19_02_06_120 6.1mww
173.3510 52.4960 28.1 2012_11_15_11_22_22_260 5.5mwb
155.4250 49.2800 29 2012_11_16_18_12_39_910 6.5mww
-71.8680 -33.9390 18 2012_11_21_21_36_22_740 5.9mww
-81.0700 -6.5880 10 2012_11_29_07_09_12_130 5.5mwb
-150.7682 61.2400 63.7 2012_12_04_01_42_48_371 5.8mw
121.3830 80.8040 10 2012_12_13_23_03_38_530 5.5mww
-119.6600 31.0950 13 2012_12_14_10_36_01_590 6.3mww
174.0110 52.2910 26 2012_12_15_04_49_29_650 6.0mww
155.8370 49.7850 68 2012_12_17_00_28_58_800 5.6mww
-104.4950 -4.1780 10 2012_12_17_17_41_32_300 5.9mww
-104.1770 -4.0280 10 2012_12_17_17_46_46_630 5.7mwb
41.0750 42.4200 15.2 2012_12_23_13_31_40_760 5.7mww
-73.2550 -35.7830 14.2 2012_12_27_00_37_08_830 5.9mww
25.5400 39.6560 12.8 2013_01_08_14_16_08_980 5.7mww
-134.8149 55.0508 13.5 2013_01_14_14_55_49_580 5.5mw
146.5030 64.8400 12 2013_01_20_10_48_47_530 5.5mwb
-35.1270 53.8730 10 2013_01_20_23_32_22_460 5.5mwc
-70.6530 -28.0940 45 2013_01_30_20_15_43_340 6.8mww
-134.9627 55.4365 14 2013_01_31_09_53_40_320 5.9mw
142.5080 67.6310 11 2013_02_14_13_13_53_130 6.6mww
-32.9600 5.5410 10 2013_02_18_03_40_48_900 5.5mww
157.4530 50.8950 33 2013_03_01_12_53_51_070 6.4mww
157.4080 50.9580 29 2013_03_01_13_20_49_930 6.5mww
157.2180 50.8920 39 2013_03_09_14_56_28_810 5.8mww
-131.9210 -8.7980 10 2013_03_13_03_07_04_480 5.5mb
163.4000 60.2330 5 2013_03_13_03_12_52_180 5.8mww
-85.2290 0.8630 21.8 2013_03_15_23_37_31_080 5.5mwb
160.1590 50.7310 8 2013_03_24_04_18_33_980 5.9mww
-109.2130 -34.3430 10 2013_04_18_21_26_36_200 5.5mwc
157.6520 49.9650 15 2013_04_19_19_58_40_250 6.1mww
157.1480 50.0990 18 2013_04_20_13_12_50_510 6.1mww
-178.2390 51.6630 44 2013_04_21_13_48_29_450 5.6mww
179.3920 51.0980 18 2013_04_22_04_36_36_560 5.5mwb
-24.9130 37.5920 10 2013_04_30_06_25_23_160 5.9mww
160.0650 52.3400 18 2013_05_19_18_44_10_950 6.1mww
160.2680 52.2540 35 2013_05_20_00_13_17_360 5.5mwc
-80.7460 -44.8660 10 2013_05_20_09_49_04_470 6.4mww
160.3620 52.5200 30 2013_05_21_01_55_08_400 6.0mww
160.2940 52.3940 11.4 2013_05_21_03_05_50_820 5.9mww
160.1420 52.4950 7.6 2013_05_21_03_08_17_090 5.7mwb
160.0630 52.3460 17.8 2013_05_21_04_59_35_240 5.7mww
160.0720 52.2810 30 2013_05_21_05_43_21_000 6.1mww
160.6360 52.5890 37.4 2013_05_21_14_51_19_860 5.5mwb
-72.2630 -13.7870 92 2013_05_21_23_02_45_130 5.8mww
-121.0595 40.1918 7.97 2013_05_24_03_47_08_180 5.69mw
150.9190 45.3790 23.6 2013_06_04_11_00_09_170 5.5mwb
25.0200 34.4000 10 2013_06_15_16_11_02_500 6.2mww
25.1590 34.3470 19 2013_06_16_21_39_05_780 6.0mww
-42.5940 10.7010 10 2013_06_24_22_04_13_480 6.6mww
-102.9640 -35.9270 10.4 2013_07_02_18_39_43_160 5.5mwb
-167.0170 51.6180 5.1 2013_07_03_03_40_27_020 5.8mww
-179.9080 51.0300 6.8 2013_07_07_20_17_59_310 5.6mb
-71.7400 -15.6570 7 2013_07_17_02_37_43_180 6.0mww
-127.4286 49.6614 10 2013_08_04_13_22_27_640 5.5mwb
-81.9268 -5.3962 10 2013_08_12_09_49_32_360 6.2mww
-175.1775 51.4224 7.3 2013_08_30_16_29_05_000 5.5mb
-174.9407 51.2381 18 2013_08_31_06_38_36_350 6.0mww
-175.2847 51.3674 25.16 2013_08_31_06_43_54_470 5.5mwc
-130.3971 51.2440 2.73 2013_09_03_20_19_06_340 6.1mww
-130.2195 51.3277 9.85 2013_09_03_22_29_31_110 5.5mwr
-130.2245 51.1832 9.92 2013_09_04_00_23_11_290 6.0mww
-174.7671 51.5573 20 2013_09_04_02_32_30_600 6.5mww
-174.7170 51.4490 26.6 2013_09_04_04_16_30_110 5.8mww
-174.7888 51.5733 21 2013_09_04_06_16_49_830 5.7mww
-174.8537 51.5730 17 2013_09_04_06_27_03_560 6.0mww
-45.2320 15.1836 10 2013_09_05_04_01_36_360 6.0mww
-174.5830 51.4630 20 2013_09_05_05_43_39_620 5.6mww
-104.5783 -4.5472 10.52 2013_09_11_12_44_13_210 6.1mww
-174.6365 51.4389 20 2013_09_14_15_42_46_000 5.9mww
-174.7160 51.5751 24.02 2013_09_15_16_21_37_150 6.1mww
-113.7439 -49.9585 10 2013_09_25_06_51_24_570 6.1mww
-113.9877 -50.0313 10 2013_09_25_07_40_23_740 5.5mwc
-28.5247 49.4947 10 2013_09_30_08_16_09_070 5.5mwc
-97.4761 -36.7267 10.28 2013_10_06_21_33_19_800 6.2mww
23.2523 35.5142 40 2013_10_12_13_11_53_350 6.6mww
-73.1930 -35.4390 39.2 2013_10_30_02_29_12_000 5.8mww
-73.3950 -35.3140 41.5 2013_10_30_02_51_47_000 6.2mww
-71.5215 -30.2921 27 2013_10_31_23_03_59_720 6.6mww
-112.5956 -23.6357 9.98 2013_11_02_15_52_46_110 6.0mww
162.3024 54.6859 43 2013_11_12_07_03_51_090 6.4mww
-178.9984 51.5477 20 2013_11_13_03_57_39_890 5.8mww
-11.8343 -10.3290 10 2013_11_17_17_37_14_110 5.5mb
151.0047 45.5613 34 2013_11_25_05_56_50_140 6.0mww
-54.9796 -54.0272 10.01 2013_11_25_06_27_08_970 5.6mb
-53.9107 -53.8708 14.83 2013_11_25_07_21_18_420 6.0mwc
-76.2025 -12.5993 76.57 2013_11_25_20_06_55_620 5.5mwb
-126.8781 41.6832 10.09 2013_12_01_03_19_38_090 5.5mww
-70.5210 -25.5090 71.5 2013_12_17_12_30_00_000 5.5mww
31.3100 36.0280 40.7 2013_12_28_15_21_04_090 5.9mww
-15.1711 -1.3673 10.23 2013_12_28_18_59_04_860 5.8mww
-70.7950 -20.6870 26.1 2014_01_04_00_11_48_000 5.7mww
-106.0719 -4.5306 10 2014_01_07_23_02_53_360 5.7mwb
-70.6330 -20.7495 20 2014_01_08_04_22_10_180 5.7mww
-179.2252 51.1701 27 2014_01_16_07_33_09_690 5.5mwb
20.4528 38.2082 8 2014_01_26_13_55_42_210 6.1mww
20.5649 38.2889 10 2014_01_26_13_57_19_250 5.6mb
20.3897 38.2637 5 2014_02_03_03_08_46_190 6.0mww
-68.8130 -22.3540 99.9 2014_02_12_11_43_10_000 5.6mww
-114.3303 -22.9553 12 2014_02_14_07_44_15_060 5.6mww
-75.5997 -14.1648 57.04 2014_02_18_23_35_58_270 5.9mww
-71.9570 -33.6046 20 2014_03_04_10_51_15_570 5.7mww
-79.3537 1.6575 6 2014_03_09_20_29_52_590 5.6mww
-125.1338 40.8287 16.44 2014_03_10_05_18_13_430 6.8mw
-126.8982 41.9039 10 2014_03_13_19_11_34_640 5.5mww
-76.3113 -14.0848 20 2014_03_15_08_59_21_860 6.1mww
-80.9709 -5.5745 29 2014_03_15_23_51_32_970 6.3mww
-70.7022 -19.9807 20 2014_03_16_21_16_29_600 6.7mww
-70.8837 -20.0168 21 2014_03_17_05_11_34_860 6.4mww
-70.7961 -19.9262 3.32 2014_03_18_21_26_45_400 5.8mww
-70.8740 -19.7625 20 2014_03_22_12_59_59_150 6.2mww
-70.9515 -19.7163 17 2014_03_22_13_29_58_410 5.6mww
-70.8538 -19.6899 21 2014_03_23_18_20_01_930 6.3mww
-70.7651 -19.8239 22 2014_03_24_11_26_39_400 5.7mww
-70.8824 -19.8288 15.19 2014_03_24_11_40_43_470 5.6mww
-70.8207 -19.5932 17.05 2014_03_24_15_45_31_140 5.7mww
-68.7459 -29.1646 10 2014_03_27_23_50_52_190 5.7mww
-21.9196 -0.8480 12 2014_03_29_07_46_50_190 5.9mww
-70.1660 -19.4928 21.61 2014_04_01_23_59_57_790 5.8mb
-70.7190 -19.7831 20.72 2014_04_02_00_03_13_710 5.7mb
-70.7269 -19.5480 10 2014_04_02_00_04_50_930 5.6mb
-70.9445 -19.7029 10 2014_04_02_00_06_43_900 5.6mb
-70.8325 -20.0759 16.53 2014_04_02_04_46_18_770 5.5mwr
-70.5756 -20.3113 24.07 2014_04_03_01_58_30_530 6.5mww
-70.5310 -20.7468 10 2014_04_03_02_56_05_060 5.5mb
-70.7332 -20.6403 10 2014_04_03_03_11_14_470 5.5mb
-70.5865 -20.7969 25 2014_04_03_05_26_15_700 6.4mww
-70.6540 -20.6426 13.71 2014_04_04_01_37_50_570 6.3mww
-71.5803 -32.7997 40.18 2014_04_05_02_22_38_970 5.6mwb
-70.8513 -20.1273 8 2014_04_07_13_43_21_010 5.7mww
-70.9226 -20.5124 6 2014_04_08_10_14_31_580 5.6mww
-114.2804 -49.8540 10 2014_04_09_08_28_48_320 5.6mwc
-70.6472 -20.6590 13.77 2014_04_11_00_01_45_210 6.2mww
-70.7470 -20.5664 13.37 2014_04_13_12_11_30_080 5.5mww
-101.2428 -36.0868 10 2014_04_15_13_31_32_540 5.6mwb
-162.5599 67.7025 20.5 2014_04_18_18_44_18_152 5.7mw
-162.6940 67.7023 26.9 2014_04_18_18_56_46_594 5.7mw
-70.9196 -20.0283 10 2014_04_19_20_54_42_280 5.8mww
-115.0222 -26.5546 10 2014_04_20_01_54_11_700 5.9mwc
-127.7316 49.6388 10 2014_04_24_03_10_10_150 6.5mww
-13.4579 -1.1669 10 2014_04_30_15_52_40_770 5.7mwb
-162.5210 67.7186 26.2 2014_05_03_08_57_13_417 5.7mw
-97.0540 -36.1703 16.83 2014_05_06_20_52_28_320 6.3mww
-152.1260 60.0101 89.1 2014_05_10_14_16_10_095 5.8mw
-114.7995 -49.9403 10.47 2014_05_12_18_38_36_700 6.5mww
-70.8968 -19.9874 5.62 2014_05_17_09_11_05_390 5.6mww
-105.9421 -4.4173 10 2014_05_18_23_47_04_280 5.8mww
-105.5478 -4.7721 10 2014_05_19_01_53_54_110 5.5mwb
-27.8369 45.0099 10 2014_05_23_23_41_49_200 5.5mwc
-26.3229 0.6863 10 2014_05_24_11_49_26_070 5.9mwc
-69.9990 -21.3020 59.6 2014_05_30_15_32_27_000 5.6mww
-112.4834 -29.1504 10 2014_06_05_17_22_05_410 5.9mww
-162.3750 67.7245 18.6 2014_06_07_04_43_32_988 5.8mw
157.0663 50.6829 41.06 2014_06_07_13_11_35_990 5.5mww
-79.2557 1.6444 14.97 2014_06_16_06_39_32_260 5.7mww
-162.3165 67.6691 15.3 2014_06_16_12_01_07_670 5.7mw
-70.9451 -19.9749 11.3 2014_06_19_09_38_36_080 5.7mww
-70.8701 -19.8410 10.6 2014_06_19_19_54_04_910 5.8mww
-70.9223 -19.8027 12.75 2014_06_20_19_53_31_870 5.6mww
-71.0037 -19.8101 12.25 2014_06_20_20_22_27_110 5.8mww
176.6981 52.2045 4 2014_06_24_03_15_35_490 6.3mwb
176.4606 52.2488 11 2014_06_24_08_12_31_230 5.7mwb
-17.3427 0.0541 10 2014_06_30_01_46_22_940 5.6mww
