2023-01-03 20:17:37,656 WARN EventArm event.AbstractEventSource - Query for very short time window: start:20140701T23:59:59.999GMT end:20110901T23:59:59.999GMT inc:7.0 DAY now:20230104T01:17:37.359GMT  cuwrt:true ecuwrt:true  tot end:20110901T23:59:59.999GMT
2023-01-03 20:17:39,804 WARN Refresh NetworkArm sod.UserReportRetryStrategy - The default server just produced an error (edu.sc.seis.seisFile.fdsnws.FDSNWSException Unable to load xml, text past error='').  SOD will continue trying it until it recovers at which point an all clear message will be issued.  If it never recovers, email sod@seis.sc.edu with this report and we can inform the server maintainer.  If you're tired of waiting, press Ctrl-C to quit.  
2023-01-03 20:17:39,997 WARN Refresh NetworkArm sod.UserReportRetryStrategy - All clear!  default just recovered.  Processing will continue normally.
2023-01-03 20:17:40,490 WARN Finalizer fdsnws.AbstractFDSNQuerier - can't close inputstream: http://service.iris.edu:80/fdsnws/station/1/query?endtime=2011-09-01T23:59:59.999&includeavailability=true&level=channel&maxlatitude=36.0&maxlongitude=-81.0&minlatitude=28.5&minlongitude=-85.0&network=Z9&station=D15
java.net.SocketException: Socket closed
	at java.base/java.net.SocketInputStream.socketRead0(Native Method)
	at java.base/java.net.SocketInputStream.socketRead(SocketInputStream.java:115)
	at java.base/java.net.SocketInputStream.read(SocketInputStream.java:168)
	at java.base/java.net.SocketInputStream.read(SocketInputStream.java:140)
	at org.apache.http.impl.io.SessionInputBufferImpl.streamRead(SessionInputBufferImpl.java:137)
	at org.apache.http.impl.io.SessionInputBufferImpl.fillBuffer(SessionInputBufferImpl.java:153)
	at org.apache.http.impl.io.SessionInputBufferImpl.read(SessionInputBufferImpl.java:205)
	at org.apache.http.impl.io.ChunkedInputStream.read(ChunkedInputStream.java:188)
	at org.apache.http.impl.io.ChunkedInputStream.read(ChunkedInputStream.java:210)
	at org.apache.http.impl.io.ChunkedInputStream.close(ChunkedInputStream.java:312)
	at org.apache.http.impl.execchain.ResponseEntityProxy.streamClosed(ResponseEntityProxy.java:142)
	at org.apache.http.conn.EofSensorInputStream.checkClose(EofSensorInputStream.java:228)
	at org.apache.http.conn.EofSensorInputStream.close(EofSensorInputStream.java:172)
	at java.base/java.io.BufferedInputStream.close(BufferedInputStream.java:489)
	at edu.sc.seis.seisFile.fdsnws.AbstractFDSNQuerier.close(AbstractFDSNQuerier.java:359)
	at edu.sc.seis.seisFile.fdsnws.AbstractFDSNQuerier.finalize(AbstractFDSNQuerier.java:353)
	at java.base/java.lang.System$2.invokeFinalize(System.java:2125)
	at java.base/java.lang.ref.Finalizer.runFinalizer(Finalizer.java:87)
	at java.base/java.lang.ref.Finalizer$FinalizerThread.run(Finalizer.java:171)
2023-01-03 20:17:43,150 WARN Refresh NetworkArm sod.UserReportRetryStrategy - The default server just produced an error (edu.sc.seis.seisFile.fdsnws.FDSNWSException Unable to load xml, text past error='').  SOD will continue trying it until it recovers at which point an all clear message will be issued.  If it never recovers, email sod@seis.sc.edu with this report and we can inform the server maintainer.  If you're tired of waiting, press Ctrl-C to quit.  
2023-01-03 20:17:43,189 WARN Finalizer fdsnws.AbstractFDSNQuerier - can't close inputstream: http://service.iris.edu:80/fdsnws/station/1/query?endtime=2011-09-01T23:59:59.999&includeavailability=true&level=channel&maxlatitude=36.0&maxlongitude=-81.0&minlatitude=28.5&minlongitude=-85.0&network=Z9&station=W18
java.net.SocketException: Socket closed
	at java.base/java.net.SocketInputStream.socketRead0(Native Method)
	at java.base/java.net.SocketInputStream.socketRead(SocketInputStream.java:115)
	at java.base/java.net.SocketInputStream.read(SocketInputStream.java:168)
	at java.base/java.net.SocketInputStream.read(SocketInputStream.java:140)
	at org.apache.http.impl.io.SessionInputBufferImpl.streamRead(SessionInputBufferImpl.java:137)
	at org.apache.http.impl.io.SessionInputBufferImpl.fillBuffer(SessionInputBufferImpl.java:153)
	at org.apache.http.impl.io.SessionInputBufferImpl.read(SessionInputBufferImpl.java:205)
	at org.apache.http.impl.io.ChunkedInputStream.read(ChunkedInputStream.java:188)
	at org.apache.http.impl.io.ChunkedInputStream.read(ChunkedInputStream.java:210)
	at org.apache.http.impl.io.ChunkedInputStream.close(ChunkedInputStream.java:312)
	at org.apache.http.impl.execchain.ResponseEntityProxy.streamClosed(ResponseEntityProxy.java:142)
	at org.apache.http.conn.EofSensorInputStream.checkClose(EofSensorInputStream.java:228)
	at org.apache.http.conn.EofSensorInputStream.close(EofSensorInputStream.java:172)
	at java.base/java.io.BufferedInputStream.close(BufferedInputStream.java:489)
	at edu.sc.seis.seisFile.fdsnws.AbstractFDSNQuerier.close(AbstractFDSNQuerier.java:359)
	at edu.sc.seis.seisFile.fdsnws.AbstractFDSNQuerier.finalize(AbstractFDSNQuerier.java:353)
	at java.base/java.lang.System$2.invokeFinalize(System.java:2125)
	at java.base/java.lang.ref.Finalizer.runFinalizer(Finalizer.java:87)
	at java.base/java.lang.ref.Finalizer$FinalizerThread.run(Finalizer.java:171)
2023-01-03 20:17:43,277 WARN Refresh NetworkArm sod.UserReportRetryStrategy - All clear!  default just recovered.  Processing will continue normally.
2023-01-03 20:17:45,056 WARN Refresh NetworkArm sod.UserReportRetryStrategy - The default server just produced an error (edu.sc.seis.seisFile.fdsnws.FDSNWSException Unable to load xml, text past error='').  SOD will continue trying it until it recovers at which point an all clear message will be issued.  If it never recovers, email sod@seis.sc.edu with this report and we can inform the server maintainer.  If you're tired of waiting, press Ctrl-C to quit.  
2023-01-03 20:17:45,111 WARN Finalizer fdsnws.AbstractFDSNQuerier - can't close inputstream: http://service.iris.edu:80/fdsnws/station/1/query?endtime=2011-09-01T23:59:59.999&includeavailability=true&level=channel&maxlatitude=36.0&maxlongitude=-81.0&minlatitude=28.5&minlongitude=-85.0&network=Z9&station=W30
java.net.SocketException: Socket closed
	at java.base/java.net.SocketInputStream.socketRead0(Native Method)
	at java.base/java.net.SocketInputStream.socketRead(SocketInputStream.java:115)
	at java.base/java.net.SocketInputStream.read(SocketInputStream.java:168)
	at java.base/java.net.SocketInputStream.read(SocketInputStream.java:140)
	at org.apache.http.impl.io.SessionInputBufferImpl.streamRead(SessionInputBufferImpl.java:137)
	at org.apache.http.impl.io.SessionInputBufferImpl.fillBuffer(SessionInputBufferImpl.java:153)
	at org.apache.http.impl.io.SessionInputBufferImpl.read(SessionInputBufferImpl.java:205)
	at org.apache.http.impl.io.ChunkedInputStream.read(ChunkedInputStream.java:188)
	at org.apache.http.impl.io.ChunkedInputStream.read(ChunkedInputStream.java:210)
	at org.apache.http.impl.io.ChunkedInputStream.close(ChunkedInputStream.java:312)
	at org.apache.http.impl.execchain.ResponseEntityProxy.streamClosed(ResponseEntityProxy.java:142)
	at org.apache.http.conn.EofSensorInputStream.checkClose(EofSensorInputStream.java:228)
	at org.apache.http.conn.EofSensorInputStream.close(EofSensorInputStream.java:172)
	at java.base/java.io.BufferedInputStream.close(BufferedInputStream.java:489)
	at edu.sc.seis.seisFile.fdsnws.AbstractFDSNQuerier.close(AbstractFDSNQuerier.java:359)
	at edu.sc.seis.seisFile.fdsnws.AbstractFDSNQuerier.finalize(AbstractFDSNQuerier.java:353)
	at java.base/java.lang.System$2.invokeFinalize(System.java:2125)
	at java.base/java.lang.ref.Finalizer.runFinalizer(Finalizer.java:87)
	at java.base/java.lang.ref.Finalizer$FinalizerThread.run(Finalizer.java:171)
2023-01-03 20:17:45,184 WARN Refresh NetworkArm sod.UserReportRetryStrategy - All clear!  default just recovered.  Processing will continue normally.
2023-01-03 20:17:45,974 WARN Finalizer fdsnws.AbstractFDSNQuerier - can't close inputstream: http://earthquake.usgs.gov:80/fdsnws/event/1/query?endtime=2014-07-01T23:59:59.999&includeallmagnitudes=true&latitude=32.0&longitude=-83.0&maxdepth=30.0&maxmagnitude=10.0&maxradius=90.0&mindepth=0.0&minmagnitude=5.0&minradius=30.0&orderby=time-asc&starttime=2011-09-01T23:59:59.999
org.apache.http.MalformedChunkCodingException: CRLF expected at end of chunk
	at org.apache.http.impl.io.ChunkedInputStream.getChunkSize(ChunkedInputStream.java:250)
	at org.apache.http.impl.io.ChunkedInputStream.nextChunk(ChunkedInputStream.java:222)
	at org.apache.http.impl.io.ChunkedInputStream.read(ChunkedInputStream.java:183)
	at org.apache.http.impl.io.ChunkedInputStream.read(ChunkedInputStream.java:210)
	at org.apache.http.impl.io.ChunkedInputStream.close(ChunkedInputStream.java:312)
	at org.apache.http.impl.execchain.ResponseEntityProxy.streamClosed(ResponseEntityProxy.java:142)
	at org.apache.http.conn.EofSensorInputStream.checkClose(EofSensorInputStream.java:228)
	at org.apache.http.conn.EofSensorInputStream.close(EofSensorInputStream.java:172)
	at java.base/java.io.BufferedInputStream.close(BufferedInputStream.java:489)
	at edu.sc.seis.seisFile.fdsnws.AbstractFDSNQuerier.close(AbstractFDSNQuerier.java:359)
	at edu.sc.seis.seisFile.fdsnws.AbstractFDSNQuerier.finalize(AbstractFDSNQuerier.java:353)
	at java.base/java.lang.System$2.invokeFinalize(System.java:2125)
	at java.base/java.lang.ref.Finalizer.runFinalizer(Finalizer.java:87)
	at java.base/java.lang.ref.Finalizer$FinalizerThread.run(Finalizer.java:171)
2023-01-03 20:38:56,895 WARN Refresh NetworkArm sod.UserReportRetryStrategy - The default server just produced an error (edu.sc.seis.seisFile.fdsnws.FDSNWSException Unable to load xml, text past error='').  SOD will continue trying it until it recovers at which point an all clear message will be issued.  If it never recovers, email sod@seis.sc.edu with this report and we can inform the server maintainer.  If you're tired of waiting, press Ctrl-C to quit.  
2023-01-03 20:38:57,038 WARN Refresh NetworkArm sod.UserReportRetryStrategy - All clear!  default just recovered.  Processing will continue normally.
2023-01-03 20:39:30,399 WARN Finalizer fdsnws.AbstractFDSNQuerier - can't close inputstream: http://service.iris.edu:80/fdsnws/station/1/query?endtime=2011-11-22T23:59:59.999&includeavailability=true&level=channel&maxlatitude=36.0&maxlongitude=-81.0&minlatitude=28.5&minlongitude=-85.0&network=Z9&station=W09
java.net.SocketException: Socket closed
	at java.base/java.net.SocketInputStream.socketRead0(Native Method)
	at java.base/java.net.SocketInputStream.socketRead(SocketInputStream.java:115)
	at java.base/java.net.SocketInputStream.read(SocketInputStream.java:168)
	at java.base/java.net.SocketInputStream.read(SocketInputStream.java:140)
	at org.apache.http.impl.io.SessionInputBufferImpl.streamRead(SessionInputBufferImpl.java:137)
	at org.apache.http.impl.io.SessionInputBufferImpl.fillBuffer(SessionInputBufferImpl.java:153)
	at org.apache.http.impl.io.SessionInputBufferImpl.read(SessionInputBufferImpl.java:205)
	at org.apache.http.impl.io.ChunkedInputStream.read(ChunkedInputStream.java:188)
	at org.apache.http.impl.io.ChunkedInputStream.read(ChunkedInputStream.java:210)
	at org.apache.http.impl.io.ChunkedInputStream.close(ChunkedInputStream.java:312)
	at org.apache.http.impl.execchain.ResponseEntityProxy.streamClosed(ResponseEntityProxy.java:142)
	at org.apache.http.conn.EofSensorInputStream.checkClose(EofSensorInputStream.java:228)
	at org.apache.http.conn.EofSensorInputStream.close(EofSensorInputStream.java:172)
	at java.base/java.io.BufferedInputStream.close(BufferedInputStream.java:489)
	at edu.sc.seis.seisFile.fdsnws.AbstractFDSNQuerier.close(AbstractFDSNQuerier.java:359)
	at edu.sc.seis.seisFile.fdsnws.AbstractFDSNQuerier.finalize(AbstractFDSNQuerier.java:353)
	at java.base/java.lang.System$2.invokeFinalize(System.java:2125)
	at java.base/java.lang.ref.Finalizer.runFinalizer(Finalizer.java:87)
	at java.base/java.lang.ref.Finalizer$FinalizerThread.run(Finalizer.java:171)
2023-01-03 21:54:30,898 WARN Finalizer fdsnws.AbstractFDSNQuerier - can't close inputstream: http://earthquake.usgs.gov:80/fdsnws/event/1/query?endtime=2011-05-25T23:59:59.999&includeallmagnitudes=true&latitude=32.0&longitude=-83.0&maxdepth=30.0&maxmagnitude=10.0&maxradius=90.0&mindepth=0.0&minmagnitude=5.0&minradius=30.0&orderby=time-asc&starttime=2011-05-18T23:59:59.999
org.apache.http.MalformedChunkCodingException: CRLF expected at end of chunk
	at org.apache.http.impl.io.ChunkedInputStream.getChunkSize(ChunkedInputStream.java:250)
	at org.apache.http.impl.io.ChunkedInputStream.nextChunk(ChunkedInputStream.java:222)
	at org.apache.http.impl.io.ChunkedInputStream.read(ChunkedInputStream.java:183)
	at org.apache.http.impl.io.ChunkedInputStream.read(ChunkedInputStream.java:210)
	at org.apache.http.impl.io.ChunkedInputStream.close(ChunkedInputStream.java:312)
	at org.apache.http.impl.execchain.ResponseEntityProxy.streamClosed(ResponseEntityProxy.java:142)
	at org.apache.http.conn.EofSensorInputStream.checkClose(EofSensorInputStream.java:228)
	at org.apache.http.conn.EofSensorInputStream.close(EofSensorInputStream.java:172)
	at java.base/java.io.BufferedInputStream.close(BufferedInputStream.java:489)
	at edu.sc.seis.seisFile.fdsnws.AbstractFDSNQuerier.close(AbstractFDSNQuerier.java:359)
	at edu.sc.seis.seisFile.fdsnws.AbstractFDSNQuerier.finalize(AbstractFDSNQuerier.java:353)
	at java.base/java.lang.System$2.invokeFinalize(System.java:2125)
	at java.base/java.lang.ref.Finalizer.runFinalizer(Finalizer.java:87)
	at java.base/java.lang.ref.Finalizer$FinalizerThread.run(Finalizer.java:171)
2023-01-03 21:54:37,100 WARN Finalizer fdsnws.AbstractFDSNQuerier - can't close inputstream: http://earthquake.usgs.gov:80/fdsnws/event/1/query?endtime=2011-06-08T23:59:59.999&includeallmagnitudes=true&latitude=32.0&longitude=-83.0&maxdepth=30.0&maxmagnitude=10.0&maxradius=90.0&mindepth=0.0&minmagnitude=5.0&minradius=30.0&orderby=time-asc&starttime=2011-05-25T23:59:59.999
org.apache.http.MalformedChunkCodingException: CRLF expected at end of chunk
	at org.apache.http.impl.io.ChunkedInputStream.getChunkSize(ChunkedInputStream.java:250)
	at org.apache.http.impl.io.ChunkedInputStream.nextChunk(ChunkedInputStream.java:222)
	at org.apache.http.impl.io.ChunkedInputStream.read(ChunkedInputStream.java:183)
	at org.apache.http.impl.io.ChunkedInputStream.read(ChunkedInputStream.java:210)
	at org.apache.http.impl.io.ChunkedInputStream.close(ChunkedInputStream.java:312)
	at org.apache.http.impl.execchain.ResponseEntityProxy.streamClosed(ResponseEntityProxy.java:142)
	at org.apache.http.conn.EofSensorInputStream.checkClose(EofSensorInputStream.java:228)
	at org.apache.http.conn.EofSensorInputStream.close(EofSensorInputStream.java:172)
	at java.base/java.io.BufferedInputStream.close(BufferedInputStream.java:489)
	at edu.sc.seis.seisFile.fdsnws.AbstractFDSNQuerier.close(AbstractFDSNQuerier.java:359)
	at edu.sc.seis.seisFile.fdsnws.AbstractFDSNQuerier.finalize(AbstractFDSNQuerier.java:353)
	at java.base/java.lang.System$2.invokeFinalize(System.java:2125)
	at java.base/java.lang.ref.Finalizer.runFinalizer(Finalizer.java:87)
	at java.base/java.lang.ref.Finalizer$FinalizerThread.run(Finalizer.java:171)
2023-01-03 21:58:19,401 WARN Finalizer fdsnws.AbstractFDSNQuerier - can't close inputstream: http://earthquake.usgs.gov:80/fdsnws/event/1/query?endtime=2012-05-18T23:59:59.999&includeallmagnitudes=true&latitude=32.0&longitude=-83.0&maxdepth=30.0&maxmagnitude=10.0&maxradius=90.0&mindepth=0.0&minmagnitude=5.0&minradius=30.0&orderby=time-asc&starttime=2012-05-18T00:00:00.000
org.apache.http.MalformedChunkCodingException: CRLF expected at end of chunk
	at org.apache.http.impl.io.ChunkedInputStream.getChunkSize(ChunkedInputStream.java:250)
	at org.apache.http.impl.io.ChunkedInputStream.nextChunk(ChunkedInputStream.java:222)
	at org.apache.http.impl.io.ChunkedInputStream.read(ChunkedInputStream.java:183)
	at org.apache.http.impl.io.ChunkedInputStream.read(ChunkedInputStream.java:210)
	at org.apache.http.impl.io.ChunkedInputStream.close(ChunkedInputStream.java:312)
	at org.apache.http.impl.execchain.ResponseEntityProxy.streamClosed(ResponseEntityProxy.java:142)
	at org.apache.http.conn.EofSensorInputStream.checkClose(EofSensorInputStream.java:228)
	at org.apache.http.conn.EofSensorInputStream.close(EofSensorInputStream.java:172)
	at java.base/java.io.BufferedInputStream.close(BufferedInputStream.java:489)
	at edu.sc.seis.seisFile.fdsnws.AbstractFDSNQuerier.close(AbstractFDSNQuerier.java:359)
	at edu.sc.seis.seisFile.fdsnws.AbstractFDSNQuerier.finalize(AbstractFDSNQuerier.java:353)
	at java.base/java.lang.System$2.invokeFinalize(System.java:2125)
	at java.base/java.lang.ref.Finalizer.runFinalizer(Finalizer.java:87)
	at java.base/java.lang.ref.Finalizer$FinalizerThread.run(Finalizer.java:171)
2023-01-05 11:40:08,294 WARN Finalizer fdsnws.AbstractFDSNQuerier - can't close inputstream: http://earthquake.usgs.gov:80/fdsnws/event/1/query?endtime=2013-08-12T23:59:59.999&includeallmagnitudes=true&latitude=32.0&longitude=-83.0&maxdepth=30.0&maxmagnitude=10.0&maxradius=90.0&mindepth=0.0&minmagnitude=5.0&minradius=20.0&orderby=time-asc&starttime=2013-08-12T00:00:00.000
org.apache.http.MalformedChunkCodingException: CRLF expected at end of chunk
	at org.apache.http.impl.io.ChunkedInputStream.getChunkSize(ChunkedInputStream.java:250)
	at org.apache.http.impl.io.ChunkedInputStream.nextChunk(ChunkedInputStream.java:222)
	at org.apache.http.impl.io.ChunkedInputStream.read(ChunkedInputStream.java:183)
	at org.apache.http.impl.io.ChunkedInputStream.read(ChunkedInputStream.java:210)
	at org.apache.http.impl.io.ChunkedInputStream.close(ChunkedInputStream.java:312)
	at org.apache.http.impl.execchain.ResponseEntityProxy.streamClosed(ResponseEntityProxy.java:142)
	at org.apache.http.conn.EofSensorInputStream.checkClose(EofSensorInputStream.java:228)
	at org.apache.http.conn.EofSensorInputStream.close(EofSensorInputStream.java:172)
	at java.base/java.io.BufferedInputStream.close(BufferedInputStream.java:489)
	at edu.sc.seis.seisFile.fdsnws.AbstractFDSNQuerier.close(AbstractFDSNQuerier.java:359)
	at edu.sc.seis.seisFile.fdsnws.AbstractFDSNQuerier.finalize(AbstractFDSNQuerier.java:353)
	at java.base/java.lang.System$2.invokeFinalize(System.java:2125)
	at java.base/java.lang.ref.Finalizer.runFinalizer(Finalizer.java:87)
	at java.base/java.lang.ref.Finalizer$FinalizerThread.run(Finalizer.java:171)
