-82.2828  33.6041 124. Z9 D02
-82.3884  33.6594 130. Z9 D03
-82.4518  33.7301 128. Z9 D04
-82.5159  33.7915 146. Z9 D05
-82.6304  33.8590 152. Z9 D06
-82.6864  33.9376 140. Z9 D07
-82.7566  33.9938 127. Z9 D08
-82.8278  34.0448 149. Z9 D09
-82.9032  34.0917 186. Z9 D10
-82.9731  34.1565 216. Z9 D11
-83.0333  34.2462 247. Z9 D12
-83.1662  34.2943 200. Z9 D13
-83.1811  34.3765 211. Z9 D14
-83.2799  34.4498 254. Z9 D15
-83.4507  34.6044 456. Z9 D17
-83.6121  34.7342 487. Z9 D18
-83.7338  34.8721 665. Z9 D19
-83.9803  35.0740 478. Z9 D20
-84.1369  35.1997 526. Z9 D21
-84.4588  35.4629 272. Z9 D22
-82.0545  29.2116 22. Z9 E01
-82.0674  29.4430 21. Z9 E02
-82.1318  29.8296 46. Z9 E03
-82.1095  30.0271 48. Z9 E04
-82.1176  30.3617 29. Z9 E05
-82.0999  30.5853 52. Z9 E06
-82.0979  30.7180 34. Z9 E07
-82.0717  30.8388 17. Z9 E08
-82.0742  30.9839 30. Z9 E09
-82.1013  31.0673 36. Z9 E10
-82.1019  31.1074 41. Z9 E11
-82.0880  31.1733 44. Z9 E12
-82.0919  31.2230 44. Z9 E13
-82.0969  31.3632 23. Z9 E15
-82.1299  31.4505 46. Z9 E16
-82.0986  31.5016 32. Z9 E17
-82.0996  31.5665 51. Z9 E18
-82.1113  31.6177 48. Z9 E19
-82.0796  31.6967 52. Z9 E20
-82.0710  31.7380 58. Z9 E21
-82.0899  31.8477 39. Z9 E22
-82.0899  31.8477 39. Z9 E22R
-82.0737  31.8887 29. Z9 E23
-82.0970  31.9445 40. Z9 E24
-82.1135  31.9918 46. Z9 E25
-82.0991  32.0979 66. Z9 E26
-82.1091  32.2362 77. Z9 E27
-82.0967  32.3359 68. Z9 E28
-82.1032  32.4908 79. Z9 E29
-82.1091  32.6958 98. Z9 E30
-82.1070  32.9866 78. Z9 E31
-83.9109  30.2017 12. Z9 W01
-83.8902  30.5774 47. Z9 W02
-83.8864  30.8635 86. Z9 W03
-83.8952  31.0831 90. Z9 W04
-83.8978  31.2724 115. Z9 W05
-83.8950  31.4486 124. Z9 W06
-83.9110  31.6110 934. Z9 W07
-83.8860  31.7165 910. Z9 W08
-83.8981  31.8051 912. Z9 W09
-83.8937  31.9025 885. Z9 W10
-83.8937  31.9025 885. Z9 W10N
-83.9083  31.9587 870. Z9 W11
-83.9083  31.9587 870. Z9 W11N
-83.8885  32.0095 103. Z9 W12
-83.8933  32.0550 107. Z9 W13
-83.8987  32.0938 966. Z9 W14
-83.8987  32.0938 966. Z9 W14N
-83.8985  32.1380 103. Z9 W15A
-83.8985  32.1380 105. Z9 W15B
-83.8841  32.1794 115. Z9 W16
-83.9045  32.2427 118. Z9 W17
-83.9017  32.2725 110. Z9 W18
-83.9064  32.3132 119. Z9 W19
-83.9198  32.3665 134. Z9 W20
-83.8587  32.4040 131. Z9 W21
-83.8973  32.4492 133. Z9 W22
-83.8860  32.5234 159. Z9 W23
-83.8860  32.5234 159. Z9 W23N
-83.8967  32.6437 142. Z9 W24
-83.8917  32.7886 172. Z9 W26
-83.9234  32.9174 164. Z9 W27
-83.8999  33.1856 183. Z9 W28
-83.7288  33.4568 193. Z9 W29
-83.9128  33.7318 246. Z9 W30
-83.7385  33.9722 292. Z9 W31
-83.8531  34.1779 335. Z9 W315
-83.8658  34.4657 396. Z9 W32
-83.8860  34.6547 533. Z9 W33
-83.9204  34.8376 650. Z9 W34
-83.9438  34.9762 539. Z9 W35
