Warning: Skipping: 'Identifier' at line 11, 4 in or after 'Description' in class edu.sc.seis.seisFile.fdsnws.stationxml.Network.<init>(Network.java:36)
Warning: Skipping: 'Identifier' at line 18, 4 in or after 'Description' in class edu.sc.seis.seisFile.fdsnws.stationxml.Network.<init>(Network.java:36)
Warning: Skipping: 'Identifier' at line 11, 4 in or after 'Description' in class edu.sc.seis.seisFile.fdsnws.stationxml.Network.<init>(Network.java:36)
-84.7188  32.6686 214. TA.152A
-83.8316  32.6499 160. TA.153A
-83.1066  32.6131 111. TA.154A
-82.4665  32.6219 93. TA.155A
-81.4950  32.6542 40. TA.156A
-84.7357  31.9962 142. TA.252A
-84.1294  32.0612 136. TA.253A
-83.2905  31.9457 78. TA.254A
-82.4758  31.9263 45. TA.255A
-81.8878  31.9799 46. TA.256A
-81.0261  31.9746 9. TA.257A
-84.9274  31.4793 101. TA.352A
-84.2172  31.3474 54. TA.353A
-82.8518  31.3438 69. TA.355A
-82.1275  31.3247 36. TA.356A
-81.4855  31.4239 7. TA.357A
-84.3197  30.8541 82. TA.453A
-83.6302  30.7145 50. TA.454A
-83.0260  30.7422 44. TA.455A
-82.0223  30.7248 26. TA.456A
-81.5563  30.6199 16. TA.457A
-84.4317  30.1890 16. TA.553A
-83.6836  30.0841 12. TA.554A
-82.9666  30.1212 29. TA.555A
-82.4057  30.0015 45. TA.556A
-81.7291  30.0160 24. TA.557A
-83.2552  29.5107 6. TA.655A
-82.5348  29.3689 28. TA.656A
-81.8665  29.5852 34. TA.657A
-81.2578  29.4220 11. TA.658A
-82.0685  28.9413 22. TA.757A
-81.1996  28.9621 16. TA.758A
-81.3333  35.1420 240. TA.KMSC
-83.5898  31.4389 109. TA.TIGA
-84.3511  35.8033 243. TA.V51A
-83.5959  35.8417 328. TA.V52A
-82.8124  35.6694 681. TA.V53A
-81.9478  35.7771 448. TA.V54A
-81.2149  35.8518 313. TA.V55A
-84.7599  35.1606 260. TA.W51A
-83.9277  35.0935 519. TA.W52A
-83.1630  35.1696 1180. TA.W53A
-82.1859  35.0857 272. TA.W54A
-84.8574  34.5658 214. TA.X51A
-83.8938  34.6032 481. TA.X52A
-83.3013  34.5031 240. TA.X53A
-82.3743  34.5474 213. TA.X54A
-81.6336  34.4701 153. TA.X55A
-81.0319  34.4923 112. TA.X56A
-84.0626  33.8640 286. TA.Y52A
-83.5836  33.8554 234. TA.Y53A
-82.6880  33.8621 176. TA.Y54A
-81.8581  33.9375 164. TA.Y55A
-81.3047  33.7922 154. TA.Y56A
-84.4176  33.1893 252. TA.Z52A
-83.5713  33.2801 144. TA.Z53A
-82.8417  33.2362 134. TA.Z54A
-82.1359  33.2211 100. TA.Z55A
-81.3687  33.3253 81. TA.Z56A
Warning: Skipping: 'Identifier' at line 11, 4 in or after 'Description' in class edu.sc.seis.seisFile.fdsnws.stationxml.Network.<init>(Network.java:36)
-82.2828  33.6041 124. Z9.D02
-82.3884  33.6594 130. Z9.D03
-82.4518  33.7301 128. Z9.D04
-82.5159  33.7915 146. Z9.D05
-82.6304  33.8590 152. Z9.D06
-82.6864  33.9376 140. Z9.D07
-82.7566  33.9938 127. Z9.D08
-82.8278  34.0448 149. Z9.D09
-82.9032  34.0917 186. Z9.D10
-82.9731  34.1565 216. Z9.D11
-83.0333  34.2462 247. Z9.D12
-83.1662  34.2943 200. Z9.D13
-83.1811  34.3765 211. Z9.D14
-83.2799  34.4498 254. Z9.D15
-83.4507  34.6044 456. Z9.D17
-83.6121  34.7342 487. Z9.D18
-83.7338  34.8721 665. Z9.D19
-83.9803  35.0740 478. Z9.D20
-84.1369  35.1997 526. Z9.D21
-84.4588  35.4629 272. Z9.D22
-82.0545  29.2116 22. Z9.E01
-82.0674  29.4430 21. Z9.E02
-82.1318  29.8296 46. Z9.E03
-82.1095  30.0271 48. Z9.E04
-82.1176  30.3617 29. Z9.E05
-82.0999  30.5853 52. Z9.E06
-82.0979  30.7180 34. Z9.E07
-82.0717  30.8388 17. Z9.E08
-82.0742  30.9839 30. Z9.E09
-82.1013  31.0673 36. Z9.E10
-82.1019  31.1074 41. Z9.E11
-82.0880  31.1733 44. Z9.E12
-82.0919  31.2230 44. Z9.E13
-82.0969  31.3632 23. Z9.E15
-82.1299  31.4505 46. Z9.E16
-82.0986  31.5016 32. Z9.E17
-82.0996  31.5665 51. Z9.E18
-82.1113  31.6177 48. Z9.E19
-82.0796  31.6967 52. Z9.E20
-82.0710  31.7380 58. Z9.E21
-82.0899  31.8477 39. Z9.E22
-82.0899  31.8477 39. Z9.E22R
-82.0737  31.8887 29. Z9.E23
-82.0970  31.9445 40. Z9.E24
-82.1135  31.9918 46. Z9.E25
-82.0991  32.0979 66. Z9.E26
-82.1091  32.2362 77. Z9.E27
-82.0967  32.3359 68. Z9.E28
-82.1032  32.4908 79. Z9.E29
-82.1091  32.6958 98. Z9.E30
-82.1070  32.9866 78. Z9.E31
-83.9109  30.2017 12. Z9.W01
-83.8902  30.5774 47. Z9.W02
-83.8864  30.8635 86. Z9.W03
-83.8952  31.0831 90. Z9.W04
-83.8978  31.2724 115. Z9.W05
-83.8950  31.4486 124. Z9.W06
-83.9110  31.6110 934. Z9.W07
-83.8860  31.7165 910. Z9.W08
-83.8981  31.8051 912. Z9.W09
-83.8937  31.9025 885. Z9.W10
-83.8937  31.9025 885. Z9.W10N
-83.9083  31.9587 870. Z9.W11
-83.9083  31.9587 870. Z9.W11N
-83.8885  32.0095 103. Z9.W12
-83.8933  32.0550 107. Z9.W13
-83.8987  32.0938 966. Z9.W14
-83.8987  32.0938 966. Z9.W14N
-83.8985  32.1380 103. Z9.W15A
-83.8985  32.1380 105. Z9.W15B
-83.8841  32.1794 115. Z9.W16
-83.9045  32.2427 118. Z9.W17
-83.9017  32.2725 110. Z9.W18
-83.9064  32.3132 119. Z9.W19
-83.9198  32.3665 134. Z9.W20
-83.8587  32.4040 131. Z9.W21
-83.8973  32.4492 133. Z9.W22
-83.8860  32.5234 159. Z9.W23
-83.8860  32.5234 159. Z9.W23N
-83.8967  32.6437 142. Z9.W24
-83.8917  32.7886 172. Z9.W26
-83.9234  32.9174 164. Z9.W27
-83.8999  33.1856 183. Z9.W28
-83.7288  33.4568 193. Z9.W29
-83.9128  33.7318 246. Z9.W30
-83.7385  33.9722 292. Z9.W31
-83.8531  34.1779 335. Z9.W315
-83.8658  34.4657 396. Z9.W32
-83.8860  34.6547 533. Z9.W33
-83.9204  34.8376 650. Z9.W34
-83.9438  34.9762 539. Z9.W35
